2025-04-17 18:05:48,715 - INFO - Starting comprehensive diagnostic check...
2025-04-17 18:05:48,715 - INFO - Checking system information...
2025-04-17 18:05:48,747 - INFO - Checking database connectivity and models...
2025-04-17 18:05:48,748 - INFO - Checking filesystem...
2025-04-17 18:05:48,749 - INFO - Checking routes and endpoints...
2025-04-17 18:05:48,794 - INFO - Checking security settings...
2025-04-17 18:05:48,951 - INFO - Checking performance metrics...
2025-04-17 18:05:48,952 - INFO - Checking dependencies...
2025-04-17 18:05:49,164 - INFO - Generating diagnostic report...
2025-04-17 18:06:53,787 - INFO - Starting comprehensive diagnostic check...
2025-04-17 18:06:53,788 - INFO - Checking system information...
2025-04-17 18:06:53,812 - INFO - Checking database connectivity and models...
2025-04-17 18:06:53,813 - INFO - Checking filesystem...
2025-04-17 18:06:53,814 - INFO - Checking routes and endpoints...
2025-04-17 18:06:53,845 - INFO - Checking security settings...
2025-04-17 18:06:54,003 - INFO - Checking performance metrics...
2025-04-17 18:06:54,003 - INFO - Checking dependencies...
2025-04-17 18:06:54,240 - INFO - Generating diagnostic report...
2025-04-17 18:07:28,735 - INFO - Starting comprehensive diagnostic check...
2025-04-17 18:07:28,735 - INFO - Checking system information...
2025-04-17 18:07:28,760 - INFO - Checking database connectivity and models...
2025-04-17 18:07:28,761 - INFO - Checking filesystem...
2025-04-17 18:07:28,762 - INFO - Checking routes and endpoints...
2025-04-17 18:07:28,793 - INFO - Checking security settings...
2025-04-17 18:07:28,943 - INFO - Checking performance metrics...
2025-04-17 18:07:28,944 - INFO - Checking dependencies...
2025-04-17 18:07:29,162 - INFO - Generating diagnostic report...
2025-04-17 18:08:00,366 - INFO - Starting comprehensive diagnostic check...
2025-04-17 18:08:00,366 - INFO - Checking system information...
2025-04-17 18:08:00,390 - INFO - Checking database connectivity and models...
2025-04-17 18:08:00,390 - INFO - Checking filesystem...
2025-04-17 18:08:00,391 - INFO - Checking routes and endpoints...
2025-04-17 18:08:00,423 - INFO - Checking security settings...
2025-04-17 18:08:00,577 - INFO - Checking performance metrics...
2025-04-17 18:08:00,577 - INFO - Checking dependencies...
2025-04-17 18:08:00,801 - INFO - Generating diagnostic report...
2025-04-17 18:11:47,377 - INFO - Starting comprehensive diagnostic check...
2025-04-17 18:11:47,377 - INFO - Checking system information...
2025-04-17 18:11:47,406 - INFO - Checking database connectivity and models...
2025-04-17 18:11:47,406 - INFO - Checking filesystem...
2025-04-17 18:11:47,408 - INFO - Checking routes and endpoints...
2025-04-17 18:11:47,437 - INFO - Checking security settings...
2025-04-17 18:11:47,589 - INFO - Checking performance metrics...
2025-04-17 18:11:47,589 - INFO - Checking dependencies...
2025-04-17 18:11:47,825 - INFO - Generating diagnostic report...
2025-04-17 18:12:19,595 - INFO - Starting comprehensive diagnostic check...
2025-04-17 18:12:19,595 - INFO - Checking system information...
2025-04-17 18:12:19,619 - INFO - Checking database connectivity and models...
2025-04-17 18:12:19,620 - INFO - Checking filesystem...
2025-04-17 18:12:19,622 - INFO - Checking routes and endpoints...
2025-04-17 18:12:19,657 - INFO - Checking security settings...
2025-04-17 18:12:19,949 - INFO - Checking performance metrics...
2025-04-17 18:12:19,950 - INFO - Checking dependencies...
2025-04-17 18:12:20,174 - INFO - Generating diagnostic report...
2025-04-17 18:13:00,172 - INFO - Starting comprehensive diagnostic check...
2025-04-17 18:13:00,172 - INFO - Checking system information...
2025-04-17 18:13:00,198 - INFO - Checking database connectivity and models...
2025-04-17 18:13:00,198 - INFO - Checking filesystem...
2025-04-17 18:13:00,199 - INFO - Checking routes and endpoints...
2025-04-17 18:13:00,234 - INFO - Checking security settings...
2025-04-17 18:13:00,388 - INFO - Checking performance metrics...
2025-04-17 18:13:00,389 - INFO - Checking dependencies...
2025-04-17 18:13:00,622 - INFO - Generating diagnostic report...
2025-04-17 18:13:20,947 - INFO - Starting comprehensive diagnostic check...
2025-04-17 18:13:20,948 - INFO - Checking system information...
2025-04-17 18:13:20,970 - INFO - Checking database connectivity and models...
2025-04-17 18:13:20,970 - INFO - Checking filesystem...
2025-04-17 18:13:20,971 - INFO - Checking routes and endpoints...
2025-04-17 18:13:21,000 - INFO - Checking security settings...
2025-04-17 18:13:21,152 - INFO - Checking performance metrics...
2025-04-17 18:13:21,152 - INFO - Checking dependencies...
2025-04-17 18:13:21,373 - INFO - Generating diagnostic report...
2025-04-17 18:13:48,448 - INFO - Starting comprehensive diagnostic check...
2025-04-17 18:13:48,448 - INFO - Checking system information...
2025-04-17 18:13:48,472 - INFO - Checking database connectivity and models...
2025-04-17 18:13:48,473 - INFO - Checking filesystem...
2025-04-17 18:13:48,475 - INFO - Checking routes and endpoints...
2025-04-17 18:13:48,508 - INFO - Checking security settings...
2025-04-17 18:13:48,662 - INFO - Checking performance metrics...
2025-04-17 18:13:48,662 - INFO - Checking dependencies...
2025-04-17 18:13:48,896 - INFO - Generating diagnostic report...
2025-04-17 18:13:48,896 - INFO - Diagnostic report generated and saved to logs/diagnostic_report.txt
2025-04-17 18:13:48,897 - INFO - Overall Status: FAIL
2025-04-17 18:23:56,829 - INFO - Starting comprehensive diagnostic check...
2025-04-17 18:23:56,830 - INFO - Checking system information...
2025-04-17 18:23:56,859 - INFO - Checking database connectivity and models...
2025-04-17 18:23:56,860 - INFO - Checking filesystem...
2025-04-17 18:23:56,863 - INFO - Checking routes and endpoints...
2025-04-17 18:23:56,920 - INFO - Checking security settings...
2025-04-17 18:23:57,088 - INFO - Checking performance metrics...
2025-04-17 18:23:57,089 - INFO - Checking dependencies...
2025-04-17 18:23:57,328 - INFO - Generating diagnostic report...
2025-04-17 18:23:57,329 - INFO - Diagnostic report generated and saved to logs/diagnostic_report.txt
2025-04-17 18:23:57,329 - INFO - Overall Status: FAIL
